<?xml version="1.0" encoding="UTF-8"?>
<!-- Generated by org.testng.reporters.JUnitXMLReporter -->
<testsuite ignored="0" hostname="DESKTOP-8E1OTRE" failures="0" tests="5" name="Default test" time="91.642" errors="0" timestamp="08 Nov 2022 05:49:22 GMT">
  <testcase classname="com.actitime.qa.testcases.HomePageTest" name="homeUserApprove" time="8.601"/>
  <testcase classname="com.actitime.qa.testcases.HomePageTest" name="homeUserCancelReject" time="8.595"/>
  <testcase classname="com.actitime.qa.testcases.HomePageTest" name="homeUserReject" time="8.653"/>
  <testcase classname="com.actitime.qa.testcases.HomePageTest" name="homeRevoke" time="8.697"/>
  <testcase classname="com.actitime.qa.testcases.HomePageTest" name="homeUserRejectCommented" time="10.492"/>
</testsuite> <!-- Default test -->
