<?xml version="1.0" encoding="UTF-8"?>
<!-- Generated by org.testng.reporters.JUnitXMLReporter -->
<testsuite ignored="0" hostname="DESKTOP-8E1OTRE" failures="0" tests="5" name="Default test" time="96.14" errors="0" timestamp="08 Nov 2022 06:39:30 GMT">
  <testcase classname="com.actitime.qa.testcases.HomePageTest" name="homeUserApprove" time="8.688"/>
  <testcase classname="com.actitime.qa.testcases.HomePageTest" name="homeUserCancelReject" time="11.357"/>
  <testcase classname="com.actitime.qa.testcases.HomePageTest" name="homeUserReject" time="8.866"/>
  <testcase classname="com.actitime.qa.testcases.HomePageTest" name="homeRevoke" time="9.083"/>
  <testcase classname="com.actitime.qa.testcases.HomePageTest" name="homeUserRejectCommented" time="8.527"/>
</testsuite> <!-- Default test -->
