<?xml version="1.0" encoding="UTF-8"?>
<testng-results ignored="0" total="5" passed="5" failed="0" skipped="0">
  <reporter-output>
  </reporter-output>
  <suite started-at="2022-11-08T06:37:54Z" name="Default suite" finished-at="2022-11-08T06:39:30Z" duration-ms="96140">
    <groups>
    </groups>
    <test started-at="2022-11-08T06:37:54Z" name="Default test" finished-at="2022-11-08T06:39:30Z" duration-ms="96140">
      <class name="com.actitime.qa.testcases.HomePageTest">
        <test-method is-config="true" signature="seup()[pri:0, instance:com.actitime.qa.testcases.HomePageTest@455b6df1]" started-at="2022-11-08T06:37:54Z" name="seup" finished-at="2022-11-08T06:38:07Z" duration-ms="12894" status="PASS">
          <reporter-output>
          </reporter-output>
        </test-method> <!-- seup -->
        <test-method signature="homeUserApprove()[pri:1, instance:com.actitime.qa.testcases.HomePageTest@455b6df1]" started-at="2022-11-08T06:38:07Z" name="homeUserApprove" finished-at="2022-11-08T06:38:15Z" duration-ms="8688" status="PASS">
          <reporter-output>
          </reporter-output>
        </test-method> <!-- homeUserApprove -->
        <test-method is-config="true" signature="tearDown()[pri:0, instance:com.actitime.qa.testcases.HomePageTest@455b6df1]" started-at="2022-11-08T06:38:15Z" name="tearDown" finished-at="2022-11-08T06:38:16Z" duration-ms="351" status="PASS">
          <reporter-output>
          </reporter-output>
        </test-method> <!-- tearDown -->
        <test-method is-config="true" signature="seup()[pri:0, instance:com.actitime.qa.testcases.HomePageTest@455b6df1]" started-at="2022-11-08T06:38:16Z" name="seup" finished-at="2022-11-08T06:38:24Z" duration-ms="8337" status="PASS">
          <reporter-output>
          </reporter-output>
        </test-method> <!-- seup -->
        <test-method signature="homeUserCancelReject()[pri:2, instance:com.actitime.qa.testcases.HomePageTest@455b6df1]" started-at="2022-11-08T06:38:24Z" name="homeUserCancelReject" finished-at="2022-11-08T06:38:35Z" duration-ms="11357" status="PASS">
          <reporter-output>
          </reporter-output>
        </test-method> <!-- homeUserCancelReject -->
        <test-method is-config="true" signature="tearDown()[pri:0, instance:com.actitime.qa.testcases.HomePageTest@455b6df1]" started-at="2022-11-08T06:38:35Z" name="tearDown" finished-at="2022-11-08T06:38:36Z" duration-ms="463" status="PASS">
          <reporter-output>
          </reporter-output>
        </test-method> <!-- tearDown -->
        <test-method is-config="true" signature="seup()[pri:0, instance:com.actitime.qa.testcases.HomePageTest@455b6df1]" started-at="2022-11-08T06:38:36Z" name="seup" finished-at="2022-11-08T06:38:45Z" duration-ms="8683" status="PASS">
          <reporter-output>
          </reporter-output>
        </test-method> <!-- seup -->
        <test-method signature="homeUserReject()[pri:3, instance:com.actitime.qa.testcases.HomePageTest@455b6df1]" started-at="2022-11-08T06:38:45Z" name="homeUserReject" finished-at="2022-11-08T06:38:53Z" duration-ms="8866" status="PASS">
          <reporter-output>
          </reporter-output>
        </test-method> <!-- homeUserReject -->
        <test-method is-config="true" signature="tearDown()[pri:0, instance:com.actitime.qa.testcases.HomePageTest@455b6df1]" started-at="2022-11-08T06:38:53Z" name="tearDown" finished-at="2022-11-08T06:38:54Z" duration-ms="345" status="PASS">
          <reporter-output>
          </reporter-output>
        </test-method> <!-- tearDown -->
        <test-method is-config="true" signature="seup()[pri:0, instance:com.actitime.qa.testcases.HomePageTest@455b6df1]" started-at="2022-11-08T06:38:54Z" name="seup" finished-at="2022-11-08T06:39:02Z" duration-ms="8157" status="PASS">
          <reporter-output>
          </reporter-output>
        </test-method> <!-- seup -->
        <test-method signature="homeRevoke()[pri:4, instance:com.actitime.qa.testcases.HomePageTest@455b6df1]" started-at="2022-11-08T06:39:02Z" name="homeRevoke" finished-at="2022-11-08T06:39:11Z" duration-ms="9083" status="PASS">
          <reporter-output>
          </reporter-output>
        </test-method> <!-- homeRevoke -->
        <test-method is-config="true" signature="tearDown()[pri:0, instance:com.actitime.qa.testcases.HomePageTest@455b6df1]" started-at="2022-11-08T06:39:11Z" name="tearDown" finished-at="2022-11-08T06:39:11Z" duration-ms="291" status="PASS">
          <reporter-output>
          </reporter-output>
        </test-method> <!-- tearDown -->
        <test-method is-config="true" signature="seup()[pri:0, instance:com.actitime.qa.testcases.HomePageTest@455b6df1]" started-at="2022-11-08T06:39:11Z" name="seup" finished-at="2022-11-08T06:39:21Z" duration-ms="9654" status="PASS">
          <reporter-output>
          </reporter-output>
        </test-method> <!-- seup -->
        <test-method signature="homeUserRejectCommented()[pri:5, instance:com.actitime.qa.testcases.HomePageTest@455b6df1]" started-at="2022-11-08T06:39:21Z" name="homeUserRejectCommented" finished-at="2022-11-08T06:39:29Z" duration-ms="8527" status="PASS">
          <reporter-output>
          </reporter-output>
        </test-method> <!-- homeUserRejectCommented -->
        <test-method is-config="true" signature="tearDown()[pri:0, instance:com.actitime.qa.testcases.HomePageTest@455b6df1]" started-at="2022-11-08T06:39:29Z" name="tearDown" finished-at="2022-11-08T06:39:30Z" duration-ms="374" status="PASS">
          <reporter-output>
          </reporter-output>
        </test-method> <!-- tearDown -->
      </class> <!-- com.actitime.qa.testcases.HomePageTest -->
    </test> <!-- Default test -->
  </suite> <!-- Default suite -->
</testng-results>
