<?xml version="1.0" encoding="UTF-8"?>
<testng-results ignored="0" total="5" passed="5" failed="0" skipped="0">
  <reporter-output>
  </reporter-output>
  <suite started-at="2022-11-08T05:47:51Z" name="Default suite" finished-at="2022-11-08T05:49:22Z" duration-ms="91642">
    <groups>
    </groups>
    <test started-at="2022-11-08T05:47:51Z" name="Default test" finished-at="2022-11-08T05:49:22Z" duration-ms="91642">
      <class name="com.actitime.qa.testcases.HomePageTest">
        <test-method is-config="true" signature="seup()[pri:0, instance:com.actitime.qa.testcases.HomePageTest@455b6df1]" started-at="2022-11-08T05:47:51Z" name="seup" finished-at="2022-11-08T05:48:01Z" duration-ms="10389" status="PASS">
          <reporter-output>
          </reporter-output>
        </test-method> <!-- seup -->
        <test-method signature="homeUserApprove()[pri:1, instance:com.actitime.qa.testcases.HomePageTest@455b6df1]" started-at="2022-11-08T05:48:01Z" name="homeUserApprove" finished-at="2022-11-08T05:48:10Z" duration-ms="8601" status="PASS">
          <reporter-output>
          </reporter-output>
        </test-method> <!-- homeUserApprove -->
        <test-method is-config="true" signature="tearDown()[pri:0, instance:com.actitime.qa.testcases.HomePageTest@455b6df1]" started-at="2022-11-08T05:48:10Z" name="tearDown" finished-at="2022-11-08T05:48:10Z" duration-ms="326" status="PASS">
          <reporter-output>
          </reporter-output>
        </test-method> <!-- tearDown -->
        <test-method is-config="true" signature="seup()[pri:0, instance:com.actitime.qa.testcases.HomePageTest@455b6df1]" started-at="2022-11-08T05:48:10Z" name="seup" finished-at="2022-11-08T05:48:20Z" duration-ms="9440" status="PASS">
          <reporter-output>
          </reporter-output>
        </test-method> <!-- seup -->
        <test-method signature="homeUserCancelReject()[pri:2, instance:com.actitime.qa.testcases.HomePageTest@455b6df1]" started-at="2022-11-08T05:48:20Z" name="homeUserCancelReject" finished-at="2022-11-08T05:48:28Z" duration-ms="8595" status="PASS">
          <reporter-output>
          </reporter-output>
        </test-method> <!-- homeUserCancelReject -->
        <test-method is-config="true" signature="tearDown()[pri:0, instance:com.actitime.qa.testcases.HomePageTest@455b6df1]" started-at="2022-11-08T05:48:28Z" name="tearDown" finished-at="2022-11-08T05:48:28Z" duration-ms="345" status="PASS">
          <reporter-output>
          </reporter-output>
        </test-method> <!-- tearDown -->
        <test-method is-config="true" signature="seup()[pri:0, instance:com.actitime.qa.testcases.HomePageTest@455b6df1]" started-at="2022-11-08T05:48:28Z" name="seup" finished-at="2022-11-08T05:48:37Z" duration-ms="8689" status="PASS">
          <reporter-output>
          </reporter-output>
        </test-method> <!-- seup -->
        <test-method signature="homeUserReject()[pri:3, instance:com.actitime.qa.testcases.HomePageTest@455b6df1]" started-at="2022-11-08T05:48:37Z" name="homeUserReject" finished-at="2022-11-08T05:48:46Z" duration-ms="8653" status="PASS">
          <reporter-output>
          </reporter-output>
        </test-method> <!-- homeUserReject -->
        <test-method is-config="true" signature="tearDown()[pri:0, instance:com.actitime.qa.testcases.HomePageTest@455b6df1]" started-at="2022-11-08T05:48:46Z" name="tearDown" finished-at="2022-11-08T05:48:46Z" duration-ms="340" status="PASS">
          <reporter-output>
          </reporter-output>
        </test-method> <!-- tearDown -->
        <test-method is-config="true" signature="seup()[pri:0, instance:com.actitime.qa.testcases.HomePageTest@455b6df1]" started-at="2022-11-08T05:48:46Z" name="seup" finished-at="2022-11-08T05:48:54Z" duration-ms="8078" status="PASS">
          <reporter-output>
          </reporter-output>
        </test-method> <!-- seup -->
        <test-method signature="homeRevoke()[pri:4, instance:com.actitime.qa.testcases.HomePageTest@455b6df1]" started-at="2022-11-08T05:48:54Z" name="homeRevoke" finished-at="2022-11-08T05:49:03Z" duration-ms="8697" status="PASS">
          <reporter-output>
          </reporter-output>
        </test-method> <!-- homeRevoke -->
        <test-method is-config="true" signature="tearDown()[pri:0, instance:com.actitime.qa.testcases.HomePageTest@455b6df1]" started-at="2022-11-08T05:49:03Z" name="tearDown" finished-at="2022-11-08T05:49:03Z" duration-ms="267" status="PASS">
          <reporter-output>
          </reporter-output>
        </test-method> <!-- tearDown -->
        <test-method is-config="true" signature="seup()[pri:0, instance:com.actitime.qa.testcases.HomePageTest@455b6df1]" started-at="2022-11-08T05:49:03Z" name="seup" finished-at="2022-11-08T05:49:12Z" duration-ms="8370" status="PASS">
          <reporter-output>
          </reporter-output>
        </test-method> <!-- seup -->
        <test-method signature="homeUserRejectCommented()[pri:5, instance:com.actitime.qa.testcases.HomePageTest@455b6df1]" started-at="2022-11-08T05:49:12Z" name="homeUserRejectCommented" finished-at="2022-11-08T05:49:22Z" duration-ms="10492" status="PASS">
          <reporter-output>
          </reporter-output>
        </test-method> <!-- homeUserRejectCommented -->
        <test-method is-config="true" signature="tearDown()[pri:0, instance:com.actitime.qa.testcases.HomePageTest@455b6df1]" started-at="2022-11-08T05:49:22Z" name="tearDown" finished-at="2022-11-08T05:49:22Z" duration-ms="299" status="PASS">
          <reporter-output>
          </reporter-output>
        </test-method> <!-- tearDown -->
      </class> <!-- com.actitime.qa.testcases.HomePageTest -->
    </test> <!-- Default test -->
  </suite> <!-- Default suite -->
</testng-results>
